C51 COMPILER V9.60.0.0   MAIN                                                              03/19/2022 13:09:36 PAGE 1   


C51 COMPILER V9.60.0.0, COMPILATION OF MODULE MAIN
OBJECT MODULE PLACED IN .\Objects\main.obj
COMPILER INVOKED BY: C:\Keil_v5\C51\BIN\C51.EXE main.c OPTIMIZE(8,SPEED) BROWSE DEBUG OBJECTEXTEND PRINT(.\Listings\main
                    -.lst) TABS(2) OBJECT(.\Objects\main.obj)

line level    source

   1          #include <at89c5131.h>
   2          #include "lcd.h"        //Header file with LCD interfacing functions
   3          #include "MorseCode.h"  //Header file for Morse Code 
   4          
   5          sbit LED=P0^7;
   6          sbit p01=P1^1;
   7          sbit p02=P1^2;
   8          sbit p03=P1^3;
   9          sbit p04=P1^4;
  10          sbit p05=P1^5;
  11          int a=0;
  12          /*
  13          Port P0.7 is used for the audio signal output
  14          */  
  15          //Main function
  16          
  17          void main(void)
  18          {
  19   1        P0=0x00;  
  20   1        //Call initialization functions
  21   1        lcd_init();
  22   1        // Read input nibble here
  23   1        P1=0x0f;
  24   1        // Insert Priority Logic
  25   1        // Inside each condition, call the functions from MorseCode.h. Fill functions in MorseCode.h
  26   1        // Write to LCD using function lcd_write_string() in side the condition as well
  27   1        if (P1==0x01)
  28   1        {
  29   2          lcd_write_string("       a        ");
  30   2          morse_a();
  31   2        }
  32   1        else if (P1==0x02)
  33   1        {
  34   2          lcd_write_string("       b        ");
  35   2          morse_b();
  36   2        }
  37   1        else if (P1==0x04)
  38   1        {
  39   2          lcd_write_string("       c        ");
  40   2          morse_c();
  41   2        }
  42   1        else if (P1==0x08)
  43   1        {
  44   2          lcd_write_string("       d        ");
  45   2          morse_d();
  46   2        }
  47   1        else
  48   1        {
  49   2          lcd_write_string("       e        ");
  50   2          morse_e();
  51   2        } 
  52   1        while (1)
  53   1        {
  54   2        }
C51 COMPILER V9.60.0.0   MAIN                                                              03/19/2022 13:09:36 PAGE 2   

  55   1        
  56   1        
  57   1      }


MODULE INFORMATION:   STATIC OVERLAYABLE
   CODE SIZE        =    382    ----
   CONSTANT SIZE    =     85    ----
   XDATA SIZE       =   ----    ----
   PDATA SIZE       =   ----    ----
   DATA SIZE        =      2       3
   IDATA SIZE       =   ----    ----
   BIT SIZE         =   ----    ----
END OF MODULE INFORMATION.


C51 COMPILATION COMPLETE.  0 WARNING(S),  0 ERROR(S)
