A51 MACRO ASSEMBLER  MULCODE                                                              01/22/2022 12:19:58 PAGE     1


MACRO ASSEMBLER A51 V8.2.7.0
OBJECT MODULE PLACED IN .\Objects\mulcode.obj
ASSEMBLER INVOKED BY: C:\Keil_v5\C51\BIN\A51.EXE mulcode.asm SET(SMALL) DEBUG PRINT(.\Listings\mulcode.lst) OBJECT(.\Obj
                      ects\mulcode.obj) EP

LOC  OBJ            LINE     SOURCE

                       1     
0000                   2     ORG 0H
0000 020100            3     LJMP MAIN
0100                   4     ORG 100H
0100                   5     MAIN:
0100 3130              6     CALL MAC
0102 80FE              7     HERE: SJMP HERE
0130                   8     ORG 130H
                       9     
0130                  10     MAC:
                      11     
0130 E570             12     MOV     A, 70H
0132 8573F0           13     MOV B, 73H
0135 A4               14     MUL AB
0136 F570             15     MOV 70H, A
0138 85F073           16     MOV 73H, B
013B E571             17     MOV     A, 71H
013D 8574F0           18     MOV B, 74H
0140 A4               19     MUL AB
0141 F571             20     MOV 71H, A
0143 85F074           21     MOV 74H, B
0146 315F             22     CALL ADD16
0148 E572             23     MOV     A, 72H
014A 8575F0           24     MOV B, 75H
014D A4               25     MUL AB
014E F571             26     MOV 71H, A
0150 85F074           27     MOV 74H, B
0153 315F             28     CALL ADD16
0155 857650           29     MOV 50H, 76H
0158 857351           30     MOV 51H, 73H
015B 857052           31     MOV 52H, 70H
015E 22               32     RET
015F                  33     ADD16:
                      34     
015F E570             35     MOV A, 70H
0161 C3               36     CLR C
0162 2571             37     ADD A, 71H
0164 F570             38     MOV 70H, A
0166 E573             39     MOV A, 73H
0168 3574             40     ADDC A, 74H
016A F573             41     MOV 73H, A
016C E4               42     CLR A
016D 4002             43     JC CARRY
016F 8002             44     SJMP NEXT
0171 7401             45     CARRY: MOV A, #1
0173 2576             46     NEXT: ADD A,76H
0175 F576             47     MOV 76H, A
0177 22               48     RET
                      49     END
A51 MACRO ASSEMBLER  MULCODE                                                              01/22/2022 12:19:58 PAGE     2

SYMBOL TABLE LISTING
------ ----- -------


N A M E             T Y P E  V A L U E   ATTRIBUTES

ADD16. . . . . . .  C ADDR   015FH   A   
B. . . . . . . . .  D ADDR   00F0H   A   
CARRY. . . . . . .  C ADDR   0171H   A   
HERE . . . . . . .  C ADDR   0102H   A   
MAC. . . . . . . .  C ADDR   0130H   A   
MAIN . . . . . . .  C ADDR   0100H   A   
NEXT . . . . . . .  C ADDR   0173H   A   


REGISTER BANK(S) USED: 0 


ASSEMBLY COMPLETE.  0 WARNING(S), 0 ERROR(S)
